<?xml version="1.0" encoding="UTF-8"?>
<!-- Generated by org.testng.reporters.JUnitReportReporter -->
<testsuite hostname="LAPTOP-RFTIUEPL" failures="0" tests="1" name="cucumber.TestngTestRunner" time="8.180" errors="0" timestamp="2024-06-18T02:35:49 IST" skipped="0">
  <testcase classname="cucumber.TestngTestRunner" name="runScenario" time="8.180"/>
  <system-out/>
</testsuite> <!-- cucumber.TestngTestRunner -->
