<?xml version="1.0" encoding="UTF-8"?>
<!-- Generated by org.testng.reporters.JUnitReportReporter -->
<testsuite hostname="LAPTOP-RFTIUEPL" failures="0" tests="3" name="AparTechnologies.tests.SubmitOrderTest" time="45.198" errors="0" timestamp="2024-06-17T02:15:44 IST" skipped="0">
  <testcase classname="AparTechnologies.tests.SubmitOrderTest" name="OrderHistoryTest" time="5.147"/>
  <system-out/>
  <testcase classname="AparTechnologies.tests.SubmitOrderTest" name="testSubmitOrder" time="19.237"/>
  <system-out/>
  <testcase classname="AparTechnologies.tests.SubmitOrderTest" name="testSubmitOrder" time="20.814"/>
  <system-out/>
</testsuite> <!-- AparTechnologies.tests.SubmitOrderTest -->
